<?xml version="1.0" encoding="UTF-8"?>
<testsuite name="com.automationanywhere.botcommand.demo.DeleteRowFromRowNumberTest" tests="1" skipped="0" failures="0" errors="0" timestamp="2020-01-09T21:50:45" hostname="EC2AMAZ-5L6MMDA" time="0.012">
  <properties/>
  <testcase name="aTests[0](C:\Users\Administrator.EC2AMAZ-5L6MMDA\Desktop\Axos\Hamilton Appraisal Group - 2018 October_1.csv, 10.0, true)" classname="com.automationanywhere.botcommand.demo.DeleteRowFromRowNumberTest" time="0.012"/>
  <system-out><![CDATA[DEBUG:true
]]></system-out>
  <system-err><![CDATA[]]></system-err>
</testsuite>
