<?xml version="1.0" encoding="UTF-8"?>
<testsuite name="com.automationanywhere.botcommand.demo.CopyColumnTest" tests="1" skipped="0" failures="0" errors="0" timestamp="2020-01-09T21:50:45" hostname="EC2AMAZ-5L6MMDA" time="0.013">
  <properties/>
  <testcase name="aTests[0](C:\Users\Administrator.EC2AMAZ-5L6MMDA\Desktop\Axos\Hamilton Appraisal Group - 2018 October_1.csv, federal_tax_id, NEW_COL1, true)" classname="com.automationanywhere.botcommand.demo.CopyColumnTest" time="0.013"/>
  <system-out><![CDATA[DEBUG:true
]]></system-out>
  <system-err><![CDATA[]]></system-err>
</testsuite>
