<?xml version="1.0" encoding="UTF-8"?>
<testsuite name="com.automationanywhere.botcommand.demo.GetNumberOfRowsTest" tests="1" skipped="0" failures="0" errors="0" timestamp="2020-01-09T21:50:45" hostname="EC2AMAZ-5L6MMDA" time="0.003">
  <properties/>
  <testcase name="aTests[0](C:\Users\Administrator.EC2AMAZ-5L6MMDA\Desktop\Axos\Hamilton Appraisal Group - 2018 October_1.csv, 31.0)" classname="com.automationanywhere.botcommand.demo.GetNumberOfRowsTest" time="0.003"/>
  <system-out><![CDATA[Debug:31.0
]]></system-out>
  <system-err><![CDATA[]]></system-err>
</testsuite>
